[    0.000000] Initializing cgroup subsys cpuset
[    0.000000] Initializing cgroup subsys cpu
[    0.000000] Initializing cgroup subsys cpuacct
[    0.000000] Linux version 4.4.0-22-generic buildd@lcy01-32) (gcc version 5.3.1 20160413 (Ubuntu 5.3.1-1ubuntu2) ) #39-Ubuntu SMP Thu May 5 16:53:32 UTC 2016 (Ubuntu 4.4.0-22.39-generic 4.4.8)
[    0.000000] Command line: BOOT_IMAGE=/boot/vmlinuz-4.4.0-22-generic root=LABEL=cloudimg-rootfs ro console=tty1 console=ttyS0
[    0.000000] KERNEL supported cpus:
[    0.000000]   Intel GenuineIntel
[    0.000000]   AMD AuthenticAMD
[    0.000000]   Centaur CentaurHauls
[    0.000000] x86/fpu: xstate_offset[2]:  576, xstate_sizes[2]:  256
[    0.000000] x86/fpu: Supporting XSAVE feature 0x01: 'x87 floating point registers'
[    0.000000] x86/fpu: Supporting XSAVE feature 0x02: 'SSE registers'
[    0.000000] x86/fpu: Supporting XSAVE feature 0x04: 'AVX registers'
[    0.000000] x86/fpu: Enabled xstate features 0x7, context size is 832 bytes, using 'standard' format.
[    0.000000] x86/fpu: Using 'lazy' FPU context switches.
[    0.000000] e820: BIOS-provided physical RAM map:
[    0.000000] BIOS-e820: [mem 0x0000000000000000-0x000000000009bff] usable
[    0.000000] BIOS-e820: [mem 0x000000000009fc00-0x000000000009ffff] reserved
[    0.000000] BIOS-e820: [mem 0x00000000000f0000-0x00000000000fffff] reserved
[    0.000000] BIOS-e820: [mem 0x0000000000100000-0x000000003ffeffff] usable
[    0.000000] BIOS-e820: [mem 0x000000003fff0000-0x0000003fffffff] ACPI data
[    0.000000] BIOS-e820: [mem 0x00000000fffc0000-0x00000000ffffffff] reserved
[    0.000000] NX (Execute Disable) protection: active
[    0.000000] SMBIOS 2.5 present.
[    0.000000] Hypervisor detected: KVM
[    0.000000] e820: last_pfn = 0x3fff0 max_arch_pfn = 0x40000000
[    0.000000] x86/PAT: Configuration [0-7]: WB  WC  UC- UC  WB  WC  UC- WT  
[    0.000000] MTRR: Disabled
[    0.000000] CPU MTRRs all blank - virtualized system.
[    0.000000] found SMP M-table at [mem 0x0009fff0-0x0009ffff] mapped at [ffff88000009fff0]
[    0.000000] Scanning 1 areas for low memory corruption
[   0.000000] RAMDISK: [mem 0x371b2000-0x378d0fff]
[    0.000000] ACPI: Early table checksum verification disabled
[    0.000000] ACPI: RSDP 0x00000000000E0000 000024 (v02 VBOX  )
[    0.000000] ACPI: XSDT 0x000000003FFF0030 00003C (v01 VBOX   VBOXXSDT 00000001 ASL  00000061)
[    0.000000] ACPI: FACP 0x000000003FFF00F0 0000F4 (v04 VBOX   VBOXFACP 00000001 ASL  00000061)
[    0.000000] ACPI: DSDT 0x000000003FFF0470 001CEB (v01 VBOX   VBOXBIOS 00000002 INTL 20140214)
[    0.000000] ACPI: FACS 0x000000003FFF0200 000040
[    0.000000] ACPI: FACS 0x00000003FFF0200 000040
[    0.000000] ACPI: APIC 0x000000003FFF0240 00005C (v02 VBOX   VBOXAPIC 00000001 ASL  00000061)
[    0.000000] ACPI: SSDT 0x000000003FFF02A0 0001CC (v01 VBOX   VBOXCPUT 00000002 INTL 20140214)
[    0.000000] No NUMA configuration found
[    0.000000] Fang a node at [mem 0x0000000000000000-0x000000003ffeffff]
[    0.000000] NODE_DATA(0) allocated [mem 0x3ffeb000-0x3ffeffff]
[    0.000000] kvm-clock: Using msrs 4b564d01 and 4b564d00
[    0.000000] kvm-clock: cpu 0, msr 0:3ffe7001, primary cpu clock
[    0.000000] kvm-clock: usig sched offset of 4029101233 cycles
[    0.000000] clocksource: kvm-clock: mask: 0xffffffffffffffff max_cycles: 0x1cd42e4dffb, max_idle_ns: 881590591483 ns
[    0.000000] Zone ranges:
[    0.000000]   DMA      [mem 0x0000000000001000-0x0000000000ffffff]
[    0.000000]   DMA32    [mem 0x0000000001000000-0x000000003ffeffff]
[    0.000000]   Normal   empty
[    0.000000]   Device   empty
[    0.000000] Movable zone start for each node
[    0.000000] Early memory node ranges
[    0.000000]   node   0: [mem 0x0000000000001000-0x000000000009efff]
[    0.000000]   node   0: [mem 0x0000000000100000-0x000000003ffeffff]
[    0.000000] Initmem setup node 0 [mem 0x0000000000001000-0x000000003ffeffff]
[    0.000000] ACPI: PM-Timer IO Port: 0x4008
[    0.000000] IOAPIC[0]: apic_id 2, version 17, address 0xfec00000, GSI 0-23
    0.000000] ACPI: INT_SR_OVR (bus 0 bus_irq 0 global_irq 2 dfl dfl)
[    0.000000] ACPI: INT_SRC_OVR (bus 0 bus_irq 9 global_irq 9 high level)
[  0.000000] Using ACPI (MADT) for SMP configuration information
[    0.000000] smpboot: Allowing 2 CPUs, 0 hotplug CPUs
[    0.000000] PM: Registered nosave memory: [mem 0x0000000-0x00000fff]
[    0.000000] PM: Registered nosave memory: [mem 0x0009f000-0x0009ffff]
[    0.000000] PM: Registered nosave memory: [mem 0x000a0000-0x000effff]
[    0.000000] PM: Registered nosave memory: [mem 0x000f0000-0x000fffff]
[    0.000000] e820: [mem 0x40000000-0xfffbffff] available for PCI devices
[    0.000000] Booting paravirtualized kernel on KVM
[    0.000000] clocksource: refined-jiffies: mask: 0xffffffff max_cycles: 0xffffffff, max_idle_ns: 7645519600211568 ns
[    0.000000] setup_percpu: NR_CPUS:256 nr_cpumask_bits:256 nr_cpu_ids:2 nr_node_ids:1
[    0.000000] PERCPU: Embedded 33 pages/cpu @ffff88003fc00000 s98008 r8192 d28968 u1048576
[    0.000000] PV qspinlock hash table entries: 256 (order: 0, 4096 bytes)
[    0.000000] Built 1 zonelists in Node order, mobility grouping on.  Total pages: 257913
[    0.000000] Poicy zone: DMA32
[    0.000000] Kernel command line: BOOT_IMAGE=/boot/vmlinuz-4.4.022-generic root=LABEL=cloudimg-rootfs ro console=tty1 console=ttyS0
[    0.000000] PID hash table entries: 4096 (order: 3, 32768 bytes)
[    0.000000] Memory: 1005352K/104120K available (8359K kernel code, 1278K rwdata, 3920K rodata, 1480K init, 1292K bss, 42768K reserved, 0K cma-reserved)
[    0.000000] SLUB: HWalign=64, Order=0-3, MiObjects=0, CPUs=2, Nodes=1
[    0.000000] Hierarchcal RCU implementation.
[    0.000000] 	Build-time adjustment of leaf fanout to 64.
[    0.000000] 	RCU restricting CPUs from NR_CPUS=256 to nr_cpu_ids=2.
[    0.000000] RCU: Adjusting geometry for rcu_fanout_leaf=64, nr_cpu_ids=2
[    0000000] NR_IRQS:16640 nr_irqs:440 16
[    0.000000] Console: colour VGA+ 80x25
[    0.000000] console [tty1] enabled
[    0.000000] conole [ttyS0] enabled
[    0.000000] tsc: Detected 2494.336 MHz processor
[   48.968630] Calibrating delay loop (skipped) preset value.. 4988.67 BogoMIPS (lpj=9977344)
[   49.406537] pid_max: default: 32768 minimum: 301
[   49.683631] ACPI: Core revision 20150930
[   49.900985] ACPI: 2 ACPI AML tables successfully acquired and loaded
[   50.281876] Security Framework initialized
[   50.495217] Yama: becoming mindful.
[   50.694286] AppArmor: AppArmor initialized
[   50.911501] Dentry cache hash table entries: 131072 (order: 8, 1048576 bytes)
[   51.318649] Inode-cache hash table entries: 65536 (order: 7, 524288 bytes)
[   51.668736] Mount-cache hash table entries: 2048 (order: 2, 16384 bytes)
[   52.058845] Mountpoint-cache hash table entries: 2048 (order: 2, 16384 bytes)
[   52.460681] Initializing cgroup subsys io
[   52.675030] Initializing cgroup subsys memory
[   52.901838] Initializing cgroup subsys devices
[   53.179908] Initializing cgroup subsys freezer
[   53.404795] Initializing cgroup subsys net_cls
[   53.625059] Initializing cgroup subsys perf_event
[   53.912326] Initializing cgroup subsys net_prio
[   54.147415] Initializing cgroup subsys hugetlb
[   54.370399] Initializing cgroup subsys pids
[   54.640572] CPU: Physical Processor ID: 0
[   54.849728] CPU: Processor Core ID: 0
[   55.053857] mce: CPU supports 0 MCE banks
[   55.269546] Last level iTLB entries: 4KB 512, 2MB 8, 4MB 8
[   55.567949] Last level dTLB entries: 4KB 512, 2MB 32, 4MB 32, 1GB 0
[   55.906634] Freeing SMP alternatives memory: 28K (ffffffff820b3000 - ffffffff820ba000)
[   56.395694] ftrace: allocating 31906 entries in 125 pages
[   56.816194] smpboot: Max logical packages: 1
[   57.035506] smpboot: APIC(0) Converting physical 0 to logical package 0
[   57.370624] ..TIMER: vector=0x30 apic1=0 pin1=2 apic2=-1 pin2=-1
[   57.665836] APIC calibration not consistent with PM-Timer: 131ms instead of 100ms
[   58.076594] APIC delta adjusted to PM-Timer: 6250081 (8249945)
[   58.392225] smpboot: CPU0: Intel(R) Core(TM) i3-3120M CPU @ 2.50GHz (family: 0x6, model: 0x3a, stepping: 0x9)
[   58.924172] Performance Events: unsupported p6 CPU model 58 no PMU driver, software events only.
[   59.420775] KVM setup paravirtual spinlock
[   59.637575] x86: Booting SMP configuration:
[   59.906907] .... node  #0, CPUs:      #1
[   60.113033] kvm-clock: cpu 1, msr 0:3ffe7041, secondary cpu clock
[   60.627617] mce: CPU supports 0 MCE banks
[   60.783181] x86: Booted up 1 node, 2 CPUs
[   60.987559] smpboot: Total of 2 processors activated (9977.34 BogoMIPS)
[   61.373245] devtmpfs: initialized
[   61.568609] evm: security.selinux
[   61.714481] evm: security.SMACK64
[   61.905795] evm: security.SMACK64EXEC
[   62.102414] evm: security.SMACK64TRANSMUTE
[   62.326667] evm: security.SMACK64MMAP
[   62.525480] evm: security.ima
[   62.704520] evm: security.capability
[   62.905746] clocksource: jiffies: mask: 0xffffffff max_cycles: 0xffffffff, max_idle_ns: 7645041785100000 ns
[   63.437640] pinctrl core: initialized pinctrl subsystem
[   63.736925] RTC time: 19:54:16, date: 05/10/16
[   63.966373] NET: Registered protocol family 16
[   64.195958] cpuidle: using governor ladder
[   64.408426] cpuidle: using governor menu
[   64.606546] PCCT header not found.
[   64.802631] ACPI: bus type PCI registered
[   65.016597] acpiphp: ACPI Hot Plug PCI Controller Driver version: 0.5
[   65.387496] PCI: Using configuration type 1 for base access
[   65.710490] ACPI: Added _OSI(Module Device)
[   65.917997] ACPI: Added _OSI(Processor Device)
[   66.144318] ACPI: Added _OSI(3.0 _SCP Extensions)
[   66.426380] ACPI: Added _OSI(Processor Aggregator Device)
[   66.726005] ACPI: Executed 1 blocks of module-level executable AML code
[   67.068622] ACPI: Interpreter enabled
[   67.271760] ACPI Exception: AE_NOT_FOUND, While evaluating Sleep State [\_S1_] (20150930/hwxface-580)
[   67.774161] ACPI Exception: AE_NOT_FOUND, While evaluating Sleep State [\_S2_] (20150930/hwxface-580)
[   68.286570] ACPI Exception: AE_NOT_FOUND, While evaluating Sleep State [\_S3_] (20150930/hwxface-580)
[   68.748892] ACPI Exception: AE_NOT_FOUND, While evaluating Sleep State [\_S4_] (20150930/hwxface-580)
[   69.252301] ACPI: (supports S0 S5)
[   69.455799] ACPI: Using IOAPIC for interrupt routing
[   69.746568] PCI: Using host bridge windows from ACPI; if necessary, use "pci=nocrs" and report a bug
[   70.257741] ACPI: PCI Root Bridge [PCI0] (domain 0000 [bus 00-ff])
[   70.585947] acpi PNP0A03:00: _OSC: OS supports [ASPM ClockPM Segments MSI]
[   70.975353] acpi PNP0A03:00: _OSC failed (AE_NOT_FOUND); disabling ASPM
[   71.320468] acpi PNP0A03:00: fail to add MMCONFIG information, can't access extended PCI configuration space under this bridge.
[   71.946846] PCI host bridge to bus 0000:00
[   72.157962] pci_bus 0000:00: root bus resource [io  0x0000-0x0cf7 window]
[   72.543116] pci_bus 0000:00: root bus resource [io  0x0d00-0xffff window]
[   72.887070] pci_bus 0000:00: root bus resource [mem 0x000a0000-0x000bffff window]
[   73.296762] pci_bus 0000:00: root bus resource [mem 0x40000000-0xffdfffff window]
[   73.704899] pci_bus 0000:00: root bus resource [bus 00-ff]
[   74.016131] pci 0000:00:01.1: legacy IDE quirk: reg 0x10: [io  0x01f0-0x01f7]
[   74.420713] pci 0000:00:01.1: legacy IDE quirk: reg 0x14: [io  0x03f6]
[   74.808248] pci 0000:00:01.1: legacy IDE quirk: reg 0x18: [io  0x0170-0x0177]
[   75.231535] pci 0000:00:01.1: legacy IDE quirk: reg 0x1c: [io  0x0376]
[   75.673936] ACPI: PCI Interrupt Link [LNKA] (IRQs 5 9 10 *11)
[   75.956983] ACPI: PCI Interrupt Link [LNKB] (IRQs 5 9 10 *11)
[   76.203618] ACPI: PCI Interrupt Link [LNKC] (IRQs 5 9 *10 11)
[   76.506777] ACPI: PCI Interrupt Link [LNKD] (IRQs 5 *9 10 11)
[   76.802131] ACPI: Enabled 2 GPEs in block 00 to 07
[   77.084139] vgaarb: setting as boot device: PCI:0000:00:02.0
[   77.401982] vgaarb: device added: PCI:0000:00:02.0,decodes=io+mem,owns=io+mem,locks=none
[   77.832686] vgaarb: loaded
[   78.011499] vgaarb: bridge control possible 0000:00:02.0
[   78.263535] SCSI subsystem initialized
[   78.472974] ACPI: bus type USB registered
[   78.737396] usbcore: registered new interface driver usbfs
[   78.986551] usbcore: registered new interface driver hub
[   79.287567] usbcore: registered new device driver usb
[   79.578734] PCI: Using ACPI for IRQ routing
[   79.797945] NetLabel: Initializing
[   79.994691] NetLabel:  domain hash size = 128
[   80.202905] NetLabel:  protocols = UNLABELED CIPSOv4
[   80.495319] NetLabel:  unlabeled traffic allowed by default
[   80.806847] clocksource: Switched to clocksource kvm-clock
[   81.119440] AppArmor: AppArmor Filesystem abd  81.756646] pnp: PnP ACPI init
[   82.241882]pn P AI:oud 3 devices
[   83.069208] clocksource: acpi_pm: mask: 0xffffff max_cycles: 0xffffff, max_idle_ns: 2085701024 ns
[   84.535146] NET: Registered protocol family 2
[   85.264816] TCP established hash table entries: 8192 (order: 4, 65536 bytes)
[   86.401334] TCP bind hash table entries: 8192 (order: 5, 131072 bytes)
[   87.464481] TCP: Hash tables configured (established 8192 bind 8192)
[   88.380538] UDP hash table entries: 512 (order: 2, 16384 bytes)
[   89.344587] UDP-Lite hash table entries: 512 (order: 2, 16384 bytes)
[   90.366053] NET: Registered protocol family 1
[   91.097566] pci 0000:00:00.0: Limiting direct PCI/PCI transfers
[   92.074429] pci 0000:00:01.0: Activating ISA DMA hang workarounds
[   93.087277] Trying to unpack rootfs image as initramfs...
[   97.082323] Freeing initrd memory: 7292K (ffff8800371b2000 - ffff8800378d1000)
[   97.441543] RAPL PMU detected, API unit is 2^-32 Joules, 3 fixed counters 10737418240 ms ovfl timer
[   97.951696] hw unit of domain pp0-core 2^-0 Joules
[   98.187563] hw unit of domain package 2^-0 Joules
[   98.476133] hw unit of domain pp1-gpu 2^-0 Joules
[   98.763756] platform rtc_cmos: registered platform RTC device (no PNP device found)
[   99.124935] Sanngorowemy rruptionve 6seconds
[ 006590] c:efined TSC clocksource calbrio 24.3 z
[  101.857262] clocksource: tsc: mask: 0xffffffffffffaxycs:x2f4c327 m_ie_ns:405239ns
[  101.857861] futex hash table entries: 512 (order: 3, 32768 byt)
[  101.857890] audit: initializing netlink subsys (disabled)
[  101.857909] audit: type=2000 audit(1462910020.925:1): initialized
[  101.858311] Initialise system trusted keyring
[  101.858481] HugeTLB registered 2 MB page size, pre-allocated 0 pages
[  101.860647] zbud: loaded
[  101.860912] VFS: Disk quotas dquot_6.6.0
[  101.860954] VFS: Dquot-cache hash table entries: 512 (order 0, 4096 bytes)
[  101.861601] fuse init (API version 7.23)
[  101.861774] Key type big_key registered
[  101.861802] Allocating IMA MOK and blacklist keyrings.
[  101.862167] Key type asymmetric registered
[  101.862177] Asymmetric key parser 'x509' registered
[  101.862227] Block layer SCSI generic (bsg) driver version 0.4 loaded (major 249)
[  101.862264] io scheduler noop registered
[  101.862268] io scheduler deadline registered (default)
[  101.862309] io scheduler cfq registered
[  101.862440] pci_hotplug: PCI Hot Plug PCI Core version: 0.5
[  101.862447] pciehp: PCI Express Hot Plug Controller Driver version: 0.4
[  101.862666] ACPI: AC Adapter [AC] (on-line)
[  101.862778] input: Power Button as /devices/LNXSYSTM:00/LNXPWRBN:00/input/input0
[  101.862783] ACPI: Power Button [PWRF]
[  101.862920] input: Sleep Button as /devices/LNXSYSTM:00/LNXSLPBN:00/input/input1
[  101.862924] ACPI: Sleep Button [SLPF]
[  101.863305] GHES: HEST is not enabled!
[  101.863567] Serial: 8250/16550 driver, 32 ports, IRQ sharing enabled
[  103.946936] 00:02: ttyS0 at I/O 0x3f8 (irq = 4, base_baud = 115200) is a 16550A
[  104.568788] Linux agpgart interface v0.103
[  105.090251] ACPI: Battery Slot [BAT0] (battery present)
[  105.108887] brd: module loaded
[  105.110545] loop: module loaded
[  105.111680] scsi host0: ata_piix
[  105.111780] scsi host1: ata_piix
[  105.111821] ata1: PATA max UDMA/33 cmd 0x1f0 ctl 0x3f6 bmdma 0xd000 irq 14
[  105.111823] ata2: PATA max UDMA/33 cmd 0x170 ctl 0x376 bmdma 0xd008 irq 15
[  105.111927] libphy: Fixed MDIO Bus: probed
[  105.111931] tun: Universal TUN/TAP device driver, 1.6
[  105.111931] tun: (C) 1999-2004 Max Krasnyansky <maxk@qualcomm.com>
[  105.112364] PPP generic driver version 2.4.2
[  105.112451] ehci_hcd: USB 2.0 'Enhanced' Host Controller (EHCI) Driver
[  105.112458] ehci-pci: EHCI PCI platform driver
[  105.112481] ehci-platform: EHCI generic platform driver
[  105.112492] ohci_hcd: USB 1.1 'Open' Host Controller (OHCI) Driver
[  105.112496] ohci-pci: OHCI PCI platform driver
[  105.112506] ohci-platform: OHCI generic platform driver
[  105.112515] uhci_hcd: USB Universal Host Controller Interface driver
[  105.112582] i8042: PNP: PS/2 Controller [PNP0303:PS2K,PNP0f03:PS2M] at 0x60,0x64 irq 1,12
[  105.263827] serio: i8042 KBD port at 0x60,0x64 irq 1
[  105.263837] serio: i8042 AUX port at 0x60,0x64 irq 12
[  105.264019] mousedev: PS/2 mouse device common for all mice
[  105.264387] rtc_cmos rtc_cmos: rtc core: registered rtc_cmos as rtc0
[  105.264460] rtc_cmos rtc_cmos: alarms up to one day, 114 bytes nvram
[  105.264470] i2c /dev entries driver
[  105.264545] device-mapper: uevent: version 1.0.3
[  105.264616] device-mapper: ioctl: 4.34.0-ioctl (2015-10-28) initialised: dm-devel@redhat.com
[  105.264638] ledtrig-cpu: registered to indicate activity on CPUs
[  105.264960] NET: Registered protocol family 10
[  105.265162] NET: Registered protocol family 17
[  105.265174] Key type dns_resolver registered
[  105.894758] microcode: CPU0 sig=0x306a9, pf=0x2, revision=0x19
[  105.915352] microcode: CPU1 sig=0x306a9, pf=0x2, revision=0x19
[  105.915444] microcode: Microcode Update Driver: v2.01 <tigran@aivazian.fsnet.co.uk>, Peter Oruba
[  105.915700] registered taskstats version 1
[  105.915729] Loading compiled-in X.509 certificates
[  105.916903] Loaded X.509 cert 'Build time autogenerated kernel key: 1e62428d31c7f92400ea31c90ed90566d90012cf'
[  105.916939] zswap: loaded using pool lzo/zbud
[  105.919477] Key type trusted registered
[  105.923901] Key type encrypted registered
[  105.923912] AppArmor: AppArmor sha1 policy hashing enabled
[  105.923918] ima: No TPM chip found, activating TPM-bypass!
[  105.923953] evm: HMAC attrs: 0x1
[  105.924605]   Magic number: 0:651:950
[  105.924642] tty tty7: hash matches
[  105.924658] memory memory3: hash matches
[  106.119451] rtc_cmos rtc_cmos: setting system clock to 2016-05-10 19:54:58 UTC (1462910098)
[  106.119835] BIOS EDD facility v0.16 2004-Jun-25, 0 devices found
[  106.119835] EDD information not available.
[  107.346528] input: AT Translated Set 2 keyboard as /devices/platform/i8042/serio0/input/input2
[  124.934897] Freeing unused kernel memory: 1480K (ffffffff81f41000 - ffffffff820b3000)
[  124.952713] Write protecting the kernel read-only data: 14336k
[  125.712696] Freeing unused kernel memory: 1868K (ffff88000182d000 - ffff880001a00000)
[  126.856582] Freeing unused kernel memory: 176K (ffff880001dd4000 - ffff880001e00000)
Loading, please [  128.065607] random: systemd-udevd urandom read with 7 bits of entropy available
wait...
startin[  128.464644] e1000: Intel(R) PRO/1000 Network Driver - version 7.3.21-k8-NAPI
g version 229
[  129.184823] e1000: Copyright (c) 1999-2006 Intel Corporation.
[  129.905792] Fusion MPT base driver 3.04.20
[  130.525899] Copyright (c) 1999-2008 LSI Corporation
[  131.011290] input: ImExPS/2 Generic Explorer Mouse as /devices/platform/i8042/serio1/input/input4
[  132.073848] Fusion MPT SPI Host driver 3.04.20
[  132.748424] e1000 0000:00:03.0 eth0: (PCI:33MHz:32-bit) 02:10:1f:c6:7b:a9
[  133.097403] e1000 0000:00:03.0 eth0: Intel(R) PRO/1000 Network Connection
[  133.302843] mptbase: ioc0: Initiating bringup
[  133.395209] ioc0: LSI53C1030 A0: Capabilities={Initiator}
[  134.088800] floppy0: no floppy controllers found
[  134.433717] scsi host2: ioc0: LSI53C1030 A0, FwRev=00000000h, Ports=1, MaxQ=256, IRQ=20
[  135.784190] scsi 2:0:0:0: Direct-Access     VBOX     HARDDISK         1.0  PQ: 0 ANSI: 5
[  137.026413] scsi target2:0:0: Beginning Domain Validation
[  137.878513] scsi target2:0:0: Domain Validation skipping write tests
[  138.907370] scsi target2:0:0: Ending Domain Validation
[  139.017127] scsi target2:0:0: asynchronous
[  139.234770] scsi 2:0:1:0: Direct-Access     VBOX     HARDDISK         1.0  PQ: 0 ANSI: 5
[  139.864740] scsi target2:0:1: Beginning Domain Validation
[  140.677997] scsi target2:0:1: Domain Validation skipping write tests
[  140.692691] e1000 0000:00:08.0 eth1: (PCI:33MHz:32-bit) 08:00:27:f5:a8:c9
[  140.692698] e1000 0000:00:08.0 eth1: Intel(R) PRO/1000 Network Connection
[  141.442515] e1000 0000:00:09.0 eth2: (PCI:33MHz:32-bit) 08:00:27:f3:01:b2
[  141.442518] e1000 0000:00:09.0 eth2: Intel(R) PRO/1000 Network Connection
[  142.137177] e1000 0000:00:0a.0 eth3: (PCI:33MHz:32-bit) 08:00:27:35:43:47
[  142.137180] e1000 0000:00:0a.0 eth3: Intel(R) PRO/1000 Network Connection
[  142.876528] e1000 0000:00:10.0 eth4: (PCI:33MHz:32-bit) 08:00:27:b1:4a:06
[  142.876531] e1000 0000:00:10.0 eth4: Intel(R) PRO/1000 Network Connection
[  143.741622] e1000 0000:00:09.0 enp0s9: renamed from eth2
[  148.566066] scsi target2:0:1: Ending Domain Validation
[  148.972820] scsi target2:0:1: asynchronous
[  149.996852] e1000 0000:00:10.0 enp0s16: renamed from eth4
[  150.307358] sd 2:0:0:0: Attached scsi generic sg0 type 0
[  150.311149] sd 2:0:0:0: [sda] 20971520 512-byte logical blocks: (10.7 GB/10.0 GiB)
[  151.014298] e1000 0000:00:08.0 enp0s8: renamed from eth1
[  151.745874] sd 2:0:0:0: [sda] Write Protect is off
[  151.746238] sd 2:0:1:0: Attached scsi generic sg1 type 0
[  151.746521] sd 2:0:1:0: [sdb] 20480 512-byte logical blocks: (10.5 MB/10.0 MiB)
[  151.746776] sd 2:0:1:0: [sdb] Write Protect is off
[  151.747003] sd 2:0:1:0: [sdb] Incomplete mode parameter data
[  151.747005] sd 2:0:1:0: [sdb] Assuming drive cache: write through
[  151.749482] sd 2:0:1:0: [sdb] Attached SCSI disk
[  155.612651] sd 2:0:0:0: [sda] Incomplete mode parameter data
[  155.637401] sd 2:0:0:0: [sda] Assuming drive cache: write through
[  155.649730] e1000 0000:00:03.0 enp0s3: renamed from eth0
[  155.664947]  sda: sda1
[  155.784636] sd 2:0:0:0: [sda] Attached SCSI disk
[  156.008593] e1000 0000:00:0a.0 enp0s10: renamed from eth3
Begin: Loading e[  158.893854] md: linear personality registered for level -1
ssential drivers[  159.016662] md: multipath personality registered for level -4
 ... [  159.415363] md: raid0 personality registered for level 0
[  160.116932] md: raid1 personality registered for level 1
[  160.523982] raid6: sse2x1   gen()  3042 MB/s
[  160.625989] raid6: sse2x1   xor()  2282 MB/s
[  160.842929] raid6: sse2x2   gen()  5500 MB/s
[  161.137694] raid6: sse2x2   xor()  3147 MB/s
[  161.445920] raid6: sse2x4   gen()  5414 MB/s
[  161.754754] raid6: sse2x4   xor()  5809 MB/s
[  161.973555] raid6: using algorithm sse2x2 gen() 5500 MB/s
[  162.075828] raid6: .... xor() 3147 MB/s, rmw enabled
[  162.107660] raid6: using ssse3x2 recovery algorithm
[  162.116401] xor: automatically using best checksumming function:
[  163.035573]    avx       : 33558.000 MB/sec
[  163.642184] async_tx: api initialized (async)
[  163.856615] md: raid6 personality registered for level 6
[  164.048459] md: raid5 personality registered for level 5
[  164.055777] md: raid4 personality registered for level 4
[  164.145579] md: raid10 personality registered for level 10
done.
Begin: Running /scripts/init-premount ... done[  164.487332] Btrfs loaded
.
Begin: Mounting root file system ... Begin: Running /scripts/local-top ... do[  164.760210] EXT4-fs (sda1): mounted filesystem with ordered data mode. Opts: (null)
ne.
Begin: Running /scripts/local-premount ... Scanning for Btrfs filesystems
done.
Warning: fsck not present, so skipping root file system
done.
Begin: Running /scripts/local-bottom ... done.
Begin: Running /scripts/init-bottom ... [  165.744661] random: nonblocking pool is initialized
Warning: overlayroot: debug is busted
done.
[  173.253830] systemd[1]: systemd 229 running in system mode. (+PAM +AUDIT +SELINUX +IMA +APPARMOR +SMACK +SYSVINIT +UTMP +LIBCRYPTSETUP +GCRYPT +GNUTLS +ACL +XZ -LZ4 +SECCOMP +BLKID +ELFUTILS +KMOD -IDN)
[  174.219793] systemd[1]: Detected virtualization oracle.
[  174.515929] systemd[1]: Detected architecture x86-64.

Welcome to [1mUbuntu 16.04 LTS[0m!

[ 75043596] systemd[1]: Set hostname to <ubuntu>.
[ 75898]systemd[1]: Initializing machine ID from radom generator.
[  176.470503] systemd[1]: Installed transient /etc/machine-id file.
[ 188.773875] systemd[1]: Started Forward Password Requests to Wall Directory Watch.
[[0;32m  OK  [0m] Started Forward Password Requests to Wall Directory Watch.
[ 88.9772systemd[1]: Listening on LVM2 metadata daemon socket.
[[0;32m  OK  [0m] Listening on LVM2 metadata daemon socket.
[  189.3190] sysmd]:isnig on JonaSoet/dv/log).
[[0;32m  OK  [0m] Listening on Journal Socket (/dev/log).
[ 90674] systemd[1]: Created slice User and Session Slice.
[[0;32m  OK  [0m] Created slice User and Session Slice.
[ 90737]ystemd[1]: Listening on Device-mapper event daemoFIs.
[[0;32m  OK  [0m] Listening on Device-mapper event daemon FIFOs.
[  191.818219] systemd[1]: Listening on udev Control Socket.
[[0;32m  OK  [0m] Listening on udev Control Socket.
[  191.903353] systemd[1]: Set up automount Arbitrary Executable File Formats File System Automount Point.
[[0;32m  OK  [0m] Set up automount Arbitrary Executab...ats File System Automount Point.
[ 92514] syem[1]Lisni oJournal Audit Socket.
[[0;32m  OK  [0m] Listening on Journal Audit Socket.
[  193.060626] systemd[1]: Reached target User and Group Name Lookups.
[[0;32m  OK  [0m] Reached target User and Group Name Lookups.
[ 93070]systemd[1]: Listening on LVM2 poll daemon socket.
[[0;32m  OK  [0m] Listening on LVM2 poll daemon socket.
[  193.980690] systemd[1]: Listening on udev Kernel Socket.
[[0;32m  OK  [0m] Listening on udev Kernel Socket.
[ 94997] systemd[1]: Listening on /dev/initctl Compatiily Nedip.
[[0;32m  OK  [0m] Listening on /dev/initctl Compatibility Named Pipe.
[  195.559587] systemd[1]: Listening on Syslog Socket.
[[0;32m  OK  [0m] Listening on Syslog Socket.
[  195.647896] systemd[1]: Created slice System Slice.
[[0;32m  OK  [0m] Created slice System Slice.
[  195.672523] systemd[1]: Created slice system-getty.slice.
[[0;32m  OK  [0m] Created slice system-getty.slice.
[  195.747669] systemd[1]: Created slice system-serial\x2dgetty.slice.
[[0;32m  OK  [0m] Created slice system-serial\x2dgetty.slice.
[ 959570] systemd[1]: Reached target Slices.
[[0;32m  OK  [0m] Reached target Slices.
[  1.540 sttem1]RehetargeSw.
[[0;32m  OK  [0m] Reached target Swap.
[  197.816922] systemd[1]: Reached target Encrypted Volumes.
[[0;32m  OK  [0m] Reached target Encrypted Volumes.
[  197.891324] systemd[1]: Listening on Journal Socket.
[[0;32m  OK  [0m] Listening on Journal Socket.
[  198.003310] systemd[1]: Starting Uncomplicated firewall...
         Starting Uncomplicated firewall...
[  198.034998] systemd[1]: Starting Create list of required static device nodes for the current kernel...
         Starting Create list of required st... nodes for the current kernel...
[  198.227357] systemd[1]: Starting Journal Service...
         Starting Journal Service...
[  198.303290] systemd[1]: Starting Monitoring of LVM2 mirrors, snapshots etc. using dmeventd or progress polling...
         Starting Monitoring of LVM2 mirrors... dmeventd or progress polling...
[  199.291289] systemd[1]: Starting Remount Root and Kernel File Systems...
         Starting Remount Root and Kernel File Systems...
[  199.345048] systemd[1]: Starting Nameserver information manager...
         Starting Nameserver information manager...
[  199.967912] EXT4-fs (sda1): re-mounted. Opts: (null)
[  199.995403] systemd[1]: Starting Load Kernel Modules...
         Starting Load Kernel Modules...
[  200.063100] systemd[1]: Mounting Huge Pages File System...
         Mounting Huge Pages File System...
[  200.172078] systemd[1]: Mounting POSIX Message Queue File System...
         Mounting POSIX Message Queue File System...
[  200.191396] systemd[1]: Mounting Debug File System...
         Mounting Debug File System...
[  200.209197] systemd[1]: Mounted Debug File System.
[[0;32m  OK  [0m] Mounted Debug File System.
[  200.295173] systemd[1]: Mounted Huge Pages File System.
[[0;32m  OK  [0m] Mounted Huge Pages File System.
[  200.483361] systemd[1]: Mounted POSIX Message Queue File System.
[[0;32m  OK  [0m] Mounted POSIX Message Queue File System.
[  201.319363] systemd[1]: Started Journal Service.
[[0;32m  OK  [0m] Started Journal Service.
[[0;32m  OK  [0m] Started Uncomplicated firewall.
[[0;32m  OK  [0m] Started Create list of required sta...ce nodes for the current kernel.
[[0;32m  OK  [0m] Started Remount Root and Kernel File Systems.
[[0;32m  OK  [0m] Started Nameserver informatio[  201.637268] Loading iSCSI transport class v2.0-870.
n manager.
[[0;32m  OK  [0m] Started LVM2 metadata daemon.
[  202.763341] iscsi: registered transport (tcp)
         Starting udev Coldplug all Devices...
         Starting Load/Save Random Seed...
         Starting Create Static Device Nodes in /dev...
         Starting Flush Journal to Persistent Storage...
[[0;32m  OK  [0m] Started udev Coldplug all Devices.
[[0;32m  OK  [0m] Started Monitoring of LVM2 mirrors,...ng dmeventd or progress polling.
[[0;32m  OK  [0m] Started Load/Save Random Seed.
[  204.561200] systemd-journald[392]: Received request to flush runtime journal from PID 1
[[0;32m  OK  [0m] Started Flush Journal to Persistent Storage.
[  205.492870] iscsi: registered transport (iser)
[[0;32m  OK  [0m] Started Load Kernel Modules.
         Starting Apply Kernel Variables...
         Mounting FUSE Control File System...
[[0;32m  OK  [0m] Mounted FUSE Control File System.
[[0;32m  OK  [0m] Started Create Static Device Nodes in /dev.
         Starting udev Kernel Device Manager...
[[0;32m  OK  [0m] Started Apply Kernel Variables.
[[0;32m  OK  [0m] Started udev Kernel Device Manager.
[[0;32m  OK  [0m] Reached target Local File Systems (Pre).
[[0;32m  OK  [0m] Reached target Local File Systems.
         Starting Commit a transient machine-id on disk...
         Starting LSB: AppArmor initialization...
         Starting Tell Plymouth To Write Out Runtime Data...
         Starting Create Volatile Files and Directories...
         Starting Initial cloud-init job (pre-networking)...
         Starting Set console keymap...
[[0;32m  OK  [0m] Started Dispatch Password Requests to Console Directory Watch.
[[0;32m  OK  [0m] Started Commit a transient machine-id on disk.
[[0;32m  OK  [0m] Started Create Volatile Files and Directories.
         Starting Update UTMP about System Boot/Shutdown...
         Starting Network Time Synchronization...
[[0;32m  OK  [0m] Started Tell Plymouth To Write Out Runtime Data.
[[0;32m  OK  [0m] Started Update UTMP about System Boot/Shutdown.
[[0;32m  OK  [0m] Found device /dev/ttyS0.
[[0;32m  OK  [0m] Started Network Time Synchronization.
[[0;32m  OK  [0m] Started Set console keymap.
[[0;32m  OK  [0m] Reached target System Time Synchronized.
[[0;32m  OK  [0m] Listening on Load/Save RF Kill Switch Status /dev/rfkill Watch.
[[0;32m  OK  [0m] Started LSB: AppArmor initialization.
[[0;32m  OK  [0m] Reached target System Initialization.
         Starting LXD - unix socket.
[[0;32m  OK  [0m] Started Daily Cleanup of Temporary Directories.
[[0;32m  OK  [0m] Listening on ACPID Listen Socket.
         Starting Seed the pseudo random number generator on first boot...
[[0;32m  OK  [0m] Started ACPI Events Check.
         Starting Socket activation for snappy daemon.
[[0;32m  OK  [0m] Listening on D-Bus System Message Bus Socket.
[[0;32m  OK  [0m] Listening on UUID daemon activation socket.
[[0;32m  OK  [0m] Started Trigger resolvconf update for networkd DNS.
[[0;32m  OK  [0m] Reached target Paths.
[[0;32m  OK  [0m] Started Daily apt activities.
[[0;32m  OK  [0m] Reached target Timers.
[[0;32m  OK  [0m] Listening on LXD - unix socket.
[[0;32m  OK  [0m] Listening on Socket activation for snappy daemon.
[[0;32m  OK  [0m] Reached target Sockets.
[[0;32m  OK  [0m] Reached target Basic System.
         Starting LSB: MD monitoring daemon...
         Starting System Logging Service...
[[0;32m  OK  [0m] Started FUSE filesystem for LXC.
[[0;32m  OK  [0m] Started ACPI event daemon.
         Starting Login Service...
[[0;32m  OK  [0m] Started Deferred execution scheduler.
         Starting LSB: Record successful boot for GRUB...
         Starting Accounts Service...
[[0;32m  OK  [0m] Started D-Bus System Message Bus.
[[0;32m  OK  [0m] Started Regular background program processing daemon.
         Starting LXD - container startup/shutdown...
[[0;32m  OK  [0m] Started System Logging Service.
[[0;32m  OK  [0m] Started Login Service.
[[0;32m  OK  [0m] Started LSB: Record successful boot for GRUB.
[[0;32m  OK  [0m] Started LSB: MD monitoring daemon.
[[0;32m  OK  [0m] Started Seed the pseudo random number generator on first boot.
[[0;32m  OK  [0m] Started LXD - container startup/shutdown.
[[0;32m  OK  [0m] Started Accounts Service.
[  181.851669] cloud-init[498]: Cloud-init v. 0.7.7 running 'init-local' at Tue, 10 May 2016 19:57:05 +0000. Up 153.31 seconds.
[[0;32m  OK  [0m] Started Initial cloud-init job (pre-networking).
[[0;32m  OK  [0m] Reached target Network (Pre).
         Starting Raise network interfaces...
[[0;32m  OK  [0m] Started ifup for enp0s10.
[[0;32m  OK  [0m] Found device 82540EM Gigabit Ethern...r (PRO/1000 MT Desktop Adapter).
[[0;32m  OK  [0m] Started Raise network interfaces.
[[0;32m  OK  [0m] Reached target Network.
         Starting Initial cloud-init job (metadata service crawler)...
[  186.369222] cloud-init[1085]: Cloud-init v. 0.7.7 running 'init' at Tue, 10 May 2016 19:57:36 +0000. Up 184.56 seconds.
[[0;32m  OK  [0m] Started Initial cloud-init job (metadata service crawler).
[  186.601119] cloud-init[1085]: ci-info: +++++++++++++++++++++++++++++++++++++++Net device info+++++++++++++++++++++++++++++++++++++++
[  186.860503]          cloud-initStarting OpenBSD Secure Shell server...[1085]: 
ci-info: +---------+-------+-----------------------------+---------------+-------+-------------------+
[[0;32m  OK  [0m] Reached target Network is Online.
[  186.861200] cloud-init[1085]: ci-info: |  Device |   Up  |           Address           |      Mask     | Scope |     Hw-Address    |
[  187.292810]          cloud-initStarting iSCSI initiator daemon (iscsid)...[1085]: 
ci-info: +---------+-------+-----------------------------+---------------+-------+-------------------+
[  187.520592]          cloud-initStarting /etc/rc.local Compatibility...[1085]: 
ci-info: | enp0s16 | False |              .              |       .       |   .   | 08:00:27:b1:4a:06 |
[  187.760813] [cloud-init[0;32m  OK  [0m[1085]: ] ci-info: |  enp0s9 | False |              .              |       .       |   .   | 08:00:27:f3:01:b2 |Reached target Cloud-config availability.

[  188.068397] cloud-init[1085]: ci-info: |    lo   |  True |          127.0.0.1          |   255.0.0.0   |   .   |         .         |
         Starting Apply the settings specified in cloud-config...
[[0;32m  OK  [0m] Started OpenBSD Secure Shell server.
[  188.298181] cloud-init[1085]: ci-info: |    lo   |  True |           ::1/128           |       .       |  host |         .         |
[[0;32m  OK  [0m] Started /etc/rc.local Compatibility.
[  188.810678] [[0;32m  OK  [0m] Started iSCSI initiator daemon (iscsid).
cloud-init[1085]: ci-info: |  enp0s3 | False |              .              |       .       |   .   | 02:10:1f:c6:7b:a9 |
[  189.168758]          cloud-initStarting Login to default iSCSI targets...[1085]: 
ci-info: |  enp0s8 | False |              .              |       .       |   .   | 08:00:27:f5:a8:c9 |
[  189.169307] cloud-init[1085]: ci-info: | enp0s10 |  True |        192.168.56.136       | 255.255.255.0 |   .   | 08:00:27:35:43:47 |
[  189.792817] cloud-init[1085]: ci-info: | enp0s10 |  True | fe80::a00:27ff:fe35:4347/64 |       .       |  link | 08:00:27:35:43:47 |
[[0;32m  OK  [0m] Started Login to default iSCSI targets.
[[0;32m  OK  [0m] Reached target Remote File Systems (Pre).
[[0;32m  OK  [0m] Reached target Remote File Systems.
[  190.031599] cloud-init[1085]: ci-info: +---------+-------+-----------------------------+---------------+-------+-------------------+
[  190.845258]          cloud-initStarting LSB: daemon to balance interrupts for SMP systems...[1085]: 
ci-info: ++++++++++++++++++++++++++++++Route IPv4 info++++++++++++++++++++++++++++++
[  190.845823] cloud-init[1085]: ci-info: +-------+--------------+--------------+---------------+-----------+-------+
[  191.356764]          cloud-initStarting Permit User Sessions...[1085]: 
ci-info: | Route | Destination  |   Gateway    |    Genmask    | Interface | Flags |
[  191.820457]          cloud-initStarting LSB: Set the CPU Frequency Scaling governor to "ondemand"...[1085]: 
ci-info: +-------+--------------+--------------+---------------+-----------+-------+
[  192.072575]          cloud-initStarting LSB: automatic crash report generation...[1085]: 
ci-info: |   0   |   0.0.0.0    | 192.168.56.1 |    0.0.0.0    |  enp0s10  |   UG  |
[  192.292940] [cloud-init[0;32m  OK  [0m[1085]: ] ci-info: |   1   | 192.168.56.0 |   0.0.0.0    | 255.255.255.0 |  enp0s10  |   U   |Started Permit User Sessions.

[  192.496659] [cloud-init[0;32m  OK  [0m[1085]: ] ci-info: +-------+--------------+--------------+---------------+-----------+-------+Started LSB: Set the CPU Frequency Scaling governor to "ondemand".

[[0;32m  OK  [0m] Started LSB: daemon to balance interrupts for SMP systems.
[  192.497352] cloud-init[1085]: Generating public/private rsa key pair.
[  192.896820] [cloud-init[0;32m  OK  [0m[1085]: ] Your identification has been saved in /etc/ssh/ssh_host_rsa_key.Started LSB: automatic crash report generation.

[  193.092608]          cloud-initStopping OpenBSD Secure Shell server...[1085]: 
Your public key has been saved in /etc/ssh/ssh_host_rsa_key.pub.
[  193.272739]          cloud-initStarting Hold until boot process finishes up...[1085]: 
The key fingerprint is:
[  193.412793]          cloud-initStarting Terminate Plymouth Boot Screen...[1085]: 
SHA256:BZAQwNHrbGFPiLHnOdLyIcAX4gz1IxW3RXJpC/eiPAM root@ubuntu-xenial
[  193.600583] [cloud-init[0;32m  OK  [0m[1085]: ] The key's randomart image is:Stopped OpenBSD Secure Shell server.

[  193.601276] cloud-init[1085]: +---[RSA 2048]----+
[  193.796833] [cloud-init[0;32m  OK  [0m[1085]: ] | o++=+++=.       |Started Hold until boot process finishes up.

[  193.940843] [cloud-init[0;32m  OK  [0m[1085]: ] |..o+..o=+.       |Started Terminate Plymouth Boot Screen.

[  193.941612] cloud-init[1085]: |= o++o.+ o.      |
[  194.144751] [cloud-init[0;32m  OK  [0m[1085]: ] |.+ooE.. o..      |Started Serial Getty on ttyS0.

[  194.280610] [cloud-init[0;32m  OK  [0m[1085]: ] | ..B B .S.       |Started Getty on tty1.

[  194.281074] [cloud-init[0;32m  OK  [0m[1085]: ] |  + X *          |Reached target Login Prompts.

         Starting OpenBSD Secure Shell server...
[  194.541109] cloud-init[1085]: |   * o o         |
[[0;32m  OK  [0m] Started OpenBSD Secure Shell server.
[  194.673752] cloud-init[1085]: |    .            |
[  194.812355] cloud-init[1085]: |                 |
[  194.880392] cloud-init[1085]: +----[SHA256]-----+
[  194.936529] cloud-init[1085]: Generating public/private dsa key pair.
[  195.012502] cloud-init[1085]: Your identification has been saved in /etc/ssh/ssh_host_dsa_key.
[  195.124620] cloud-init[1085]: Your public key has been saved in /etc/ssh/ssh_host_dsa_key.pub.
[  195.236541] cloud-init[1085]: The key fingerprint is:
[  195.312511] cloud-init[1085]: SHA256:Hv2cUlbzp97SbcVm9H9cdtkRhhvl2aSBVLaha/p/a98 root@ubuntu-xenial
[  195.424519] cloud-init[1085]: The key's randomart image is:
[  195.618366] cloud-init[1085]: +---[DSA 1024]----+
[  195.684329] cloud-init[1085]: |           ..oB..|
[  195.736760] cloud-init[1085]: |            .=.Oo|
[  195.848484] cloud-init[1085]: |            . Ooo|
[  195.952572] cloud-init[1085]: |         .   + +.|
[[0;32m  OK  [0m] Started Apply the settings specified in cloud-config.
[  196.023673] cloud-init[1085]: |        S . =  oB|
[  196.351457] cloud-init[1085]: |       . . B . o%|
[  196.352298] cloud-init[1085]: |        . o + .**|
         Starting Execute cloud user/final scripts...
[  196.352578] cloud-init[1085]: |           o ..oX|
[  196.925779] cloud-init[1085]: |            ..+=E|
[  197.176143] cloud-init[1085]: +----[SHA256]-----+
[  197.312498] ci-info: no authorized ssh keys fingerprints found for user ubuntu.
cloud-init[1085]: Generating public/private ecdsa key pair.
[  197.313124] cloud-init[1085]: Your identification has been saved in /etc/ssh/ssh_host_ecdsa_key.
[  197.648484] <14>May 10 19:57:49 ec2: 
<14>May 10 19:57:49 ec2: #############################################################
<14>May 10 19:57:49 ec2: -----BEGIN SSH HOST KEY FINGERPRINTS-----
<14>May 10 19:57:49 ec2: 1024 SHA256:Hv2cUlbzp97SbcVm9H9cdtkRhhvl2aSBVLaha/p/a98 root@ubuntu-xenial (DSA)
<14>May 10 19:57:49 ec2: 256 SHA256:0YNqVnHBingWEAouW9UeczubUzwOHBCjrIWXQw2qGls root@ubuntu-xenial (ECDSA)
<14>May 10 19:57:49 ec2: 256 SHA256:P3Z3uV+vG+7WNpxYOxHIikcQ1dQiQPU6/ywBRbLSIXI root@ubuntu-xenial (ED25519)
<14>May 10 19:57:49 ec2: 2048 SHA256:BZAQwNHrbGFPiLHnOdLyIcAX4gz1IxW3RXJpC/eiPAM root@ubuntu-xenial (RSA)
<14>May 10 19:57:49 ec2: -----END SSH HOST KEY FINGERPRINTS-----
<14>May 10 19:57:49 ec2: #############################################################
-----BEGIN SSH HOST KEY KEYS-----
ecdsa-sha2-nistp256 AAAAE2VjZHNhLXNoYTItbmlzdHAyNTYAAAAIbmlzdHAyNTYAAABBBFBnbwAsAUy5TJuq3j1xqmQUJphld0lgLQv0qWnUH7lPVoTuhAfW7pu7CPRTfV7eJn0VpMiTKGWyqVdmr0IvWWA= root@ubuntu-xenial
ssh-ed25519 AAAAC3NzaC1lZDI1NTE5AAAAIC7fiTfnKdPCRPkhohRyu2IcECm9z5RgYEzv3pGFMr9y root@ubuntu-xenial
ssh-rsa AAAAB3NzaC1yc2EAAAADAQABAAABAQC6qdnzOJ8CkfYQxceDw10Ie1MwX6VqVTj98hFI7I7wMX8xUeHTPe1yqsP4sVUGIKEjMzvC+KIZkFPQ5KYvvteuN0JJmMeide1vAhSXMXYsrUB8YxYF2hsIhnHs9eyvnt81u8VjNYWXww1GrwP4r0CuLFlMARJWYEcF0RhUwtCv7u7ooLrld/R+RtYFUHAJAeqWlCcez1ap6UMZSC7d1G+NBt9Nds5ljxq+yhcsCrCJhWCKL9tEO9747cKnhGJKwHMWDijMW6CFsu0vdXiIQ5WDdgGPFiZ+pxdNksan1qaHKtsLw6ZnB4EibBXobEj9ZTmuGxgcsUpPO6B0sZFMp13Z root@ubuntu-xenial
-----END SSH HOST KEY KEYS-----
cloud-init[1085]: Your public key has been saved in /etc/ssh/ssh_host_ecdsa_key.pub.
[  197.649027] cloud-init[1085]: The key fingerprint is:
[  199.708462] [1085]: SHA256:0YNqVnHBingWEAouW9UeczubUzwOHBCjrIWXQw2qGls root@ubuntu-xenial
[  199.824493] cloud-init[1085]: The key's randomart image is:
[  199.912322] [  199.912880] cloud-init[1085]: |.   **+o..o.     |
[  199.913010] cloud-init[1085]: |.. B o*.o=.      |
[  199.913115] cloud-init[1085]: |..= Bo B+=o      |
[  199.913226] cloud-init[1085]: |.+ +..=o*.+.     |
[  199.913326] cloud-init[1085]: |+ E  o+ SB .     |
[  199.913425] cloud-init[1085]: |.+   o  + .      |
[  199.913520] cloud-init[1085]: |o        .       |
[  199.913625] cloud-init[1085]: |                 |
[  199.913759] cloud-init[1085]: |                 |
[  199.913862] cloud-init[1085]: +----[SHA256]-----+
[  199.913958] cloud-init[1085]: Generating public/private ed25519 key pair.
[  199.914054] cloud-init[1085]: Your identification has been saved in /etc/ssh/ssh_host_ed25519_key.
[  199.914149] cloud-init[1085]: Your public key has been saved in /etc/ssh/ssh_host_ed25519_key.pub.
[  199.914255] cloud-init[1085]: The key fingerprint is:
[  199.914351] cloud-init[1085]: SHA256:P3Z3uV+vG+7WNpxYOxHIikcQ1dQiQPU6/ywBRbLSIXI root@ubuntu-xenial
[  199.914444] cloud-init[1085]: The key's randomart image is:
[  199.914538] cloud-init[1085]: +--[ED25519 256]--+
[  199.914630] cloud-init[1085]: |       ..E==+o.  |
[  199.914737] cloud-init[1085]: |        o.o.=+ . |
[  199.914854] cloud-init[1085]: |         ..o+.o  |
[  199.914954] cloud-init[1085]: |          .o.o . |
[  199.915053] cloud-init[1085]: |        S ooo   .|
[  199.915147] cloud-init[1085]: |         o oo. o.|
[  199.915250] cloud-init[1085]: |          = ..Bo*|
[  199.915344] cloud-init[1085]: |         . o =+O*|
[  199.915961] cloud-init[1085]: |             o*B*|
[  199.916076] cloud-init[1085]: +----[SHA256]-----+
[  199.918302] cloud-init[1184]: Generating locales (this might take a while)...
[  199.918414] cloud-init[1184]:   en_US.UTF-8... done
[  199.918512] cloud-init[1184]: Generation complete.
[  199.918621] cloud-init[1184]: Cloud-init v. 0.7.7 running 'modules:config' at Tue, 10 May 2016 19:57:40 +0000. Up 188.66 seconds.
[  199.924415] cloud-init[1301]: Cloud-init v. 0.7.7 running 'modules:final' at Tue, 10 May 2016 19:57:49 +0000. Up 196.99 seconds.
[  199.924556] cloud-init[1301]: ci-info: no authorized ssh keys fingerprints found for user ubuntu.
[  199.924658] cloud-init[1301]: Cloud-init v. 0.7.7 finished at Tue, 10 May 2016 19:57:53 +0000. Datasource DataSourceNoCloudNet [seed=/dev/sdb][dsmode=net].  Up 199.57 seconds

Ubuntu 16.04 LTS ubuntu-xenial ttyS0

ubuntu-xenial login: 